<?xml version="1.0" encoding="UTF-8"?>
<testsuite xmlns:xsi="http://www.w3.org/2001/XMLSchema-instance" xsi:noNamespaceSchemaLocation="https://maven.apache.org/surefire/maven-surefire-plugin/xsd/surefire-test-report-3.0.xsd" version="3.0" name="flightapp.FlightServiceTest" time="32.459" tests="1" errors="0" skipped="0" failures="0">
  <properties>
    <property name="socksProxyHost" value="127.0.0.1"/>
    <property name="http.proxyHost" value="127.0.0.1"/>
    <property name="java.specification.version" value="13"/>
    <property name="test.cases" value="cases/mycases/transaction_book_cancel.txt"/>
    <property name="sun.jnu.encoding" value="UTF-8"/>
    <property name="java.class.path" value="/Users/dongqingyuan/.m2/repository/org/apache/maven/surefire/surefire-booter/3.0.0-M5/surefire-booter-3.0.0-M5.jar:/Users/dongqingyuan/.m2/repository/org/apache/maven/surefire/surefire-api/3.0.0-M5/surefire-api-3.0.0-M5.jar:/Users/dongqingyuan/.m2/repository/org/apache/maven/surefire/surefire-logger-api/3.0.0-M5/surefire-logger-api-3.0.0-M5.jar:/Users/dongqingyuan/.m2/repository/org/apache/maven/surefire/surefire-shared-utils/3.0.0-M4/surefire-shared-utils-3.0.0-M4.jar:/Users/dongqingyuan/.m2/repository/org/apache/maven/surefire/surefire-extensions-spi/3.0.0-M5/surefire-extensions-spi-3.0.0-M5.jar:/Users/dongqingyuan/Desktop/CSE344/HW/HW5/hw5/target/test-classes:/Users/dongqingyuan/Desktop/CSE344/HW/HW5/hw5/target/classes:/Users/dongqingyuan/.m2/repository/junit/junit/4.13/junit-4.13.jar:/Users/dongqingyuan/.m2/repository/org/hamcrest/hamcrest-core/1.3/hamcrest-core-1.3.jar:/Users/dongqingyuan/.m2/repository/com/microsoft/sqlserver/mssql-jdbc/9.2.1.jre11/mssql-jdbc-9.2.1.jre11.jar:/Users/dongqingyuan/.m2/repository/org/mybatis/mybatis/3.5.7/mybatis-3.5.7.jar:/Users/dongqingyuan/.m2/repository/commons-io/commons-io/2.8.0/commons-io-2.8.0.jar:/Users/dongqingyuan/Desktop/CSE344/HW/HW5/hw5/distributed.jar:/Users/dongqingyuan/.m2/repository/org/apache/maven/surefire/surefire-junit4/3.0.0-M5/surefire-junit4-3.0.0-M5.jar:/Users/dongqingyuan/.m2/repository/org/apache/maven/surefire/common-java5/3.0.0-M5/common-java5-3.0.0-M5.jar:/Users/dongqingyuan/.m2/repository/org/apache/maven/surefire/common-junit3/3.0.0-M5/common-junit3-3.0.0-M5.jar:/Users/dongqingyuan/.m2/repository/org/apache/maven/surefire/common-junit4/3.0.0-M5/common-junit4-3.0.0-M5.jar"/>
    <property name="https.proxyPort" value="1087"/>
    <property name="java.vm.vendor" value="Oracle Corporation"/>
    <property name="sun.arch.data.model" value="64"/>
    <property name="java.vendor.url" value="https://java.oracle.com/"/>
    <property name="os.name" value="Mac OS X"/>
    <property name="java.vm.specification.version" value="13"/>
    <property name="sun.java.launcher" value="SUN_STANDARD"/>
    <property name="user.country" value="US"/>
    <property name="sun.boot.library.path" value="/Library/Java/JavaVirtualMachines/jdk-13.jdk/Contents/Home/lib"/>
    <property name="sun.java.command" value="org.apache.maven.surefire.booter.ForkedBooter /Users/dongqingyuan/Desktop/CSE344/HW/HW5/hw5/target/surefire 2021-05-16T12-09-11_620-jvmRun1 surefire18096639504344338144tmp surefire_04222729412216253400tmp"/>
    <property name="http.nonProxyHosts" value="127.0.0.1|localhost|*.localhost"/>
    <property name="jdk.debug" value="release"/>
    <property name="surefire.test.class.path" value="/Users/dongqingyuan/Desktop/CSE344/HW/HW5/hw5/target/test-classes:/Users/dongqingyuan/Desktop/CSE344/HW/HW5/hw5/target/classes:/Users/dongqingyuan/.m2/repository/junit/junit/4.13/junit-4.13.jar:/Users/dongqingyuan/.m2/repository/org/hamcrest/hamcrest-core/1.3/hamcrest-core-1.3.jar:/Users/dongqingyuan/.m2/repository/com/microsoft/sqlserver/mssql-jdbc/9.2.1.jre11/mssql-jdbc-9.2.1.jre11.jar:/Users/dongqingyuan/.m2/repository/org/mybatis/mybatis/3.5.7/mybatis-3.5.7.jar:/Users/dongqingyuan/.m2/repository/commons-io/commons-io/2.8.0/commons-io-2.8.0.jar:/Users/dongqingyuan/Desktop/CSE344/HW/HW5/hw5/distributed.jar:"/>
    <property name="sun.cpu.endian" value="little"/>
    <property name="user.home" value="/Users/dongqingyuan"/>
    <property name="user.language" value="zh"/>
    <property name="java.specification.vendor" value="Oracle Corporation"/>
    <property name="java.version.date" value="2019-09-17"/>
    <property name="java.home" value="/Library/Java/JavaVirtualMachines/jdk-13.jdk/Contents/Home"/>
    <property name="file.separator" value="/"/>
    <property name="https.proxyHost" value="127.0.0.1"/>
    <property name="basedir" value="/Users/dongqingyuan/Desktop/CSE344/HW/HW5/hw5"/>
    <property name="java.vm.compressedOopsMode" value="Zero based"/>
    <property name="line.separator" value="&#10;"/>
    <property name="java.vm.specification.vendor" value="Oracle Corporation"/>
    <property name="java.specification.name" value="Java Platform API Specification"/>
    <property name="user.script" value="Hans"/>
    <property name="sun.management.compiler" value="HotSpot 64-Bit Tiered Compilers"/>
    <property name="ftp.nonProxyHosts" value="127.0.0.1|localhost|*.localhost"/>
    <property name="java.runtime.version" value="13+33"/>
    <property name="user.name" value="dongqingyuan"/>
    <property name="path.separator" value=":"/>
    <property name="os.version" value="10.14.5"/>
    <property name="java.runtime.name" value="Java(TM) SE Runtime Environment"/>
    <property name="file.encoding" value="UTF-8"/>
    <property name="java.vm.name" value="Java HotSpot(TM) 64-Bit Server VM"/>
    <property name="localRepository" value="/Users/dongqingyuan/.m2/repository"/>
    <property name="java.vendor.url.bug" value="https://bugreport.java.com/bugreport/"/>
    <property name="java.io.tmpdir" value="/var/folders/l3/c56qcb6x7h79szs44ysqm_vm0000gn/T/"/>
    <property name="java.version" value="13"/>
    <property name="user.dir" value="/Users/dongqingyuan/Desktop/CSE344/HW/HW5/hw5"/>
    <property name="os.arch" value="x86_64"/>
    <property name="socksProxyPort" value="1086"/>
    <property name="java.vm.specification.name" value="Java Virtual Machine Specification"/>
    <property name="java.library.path" value="/Users/dongqingyuan/Library/Java/Extensions:/Library/Java/Extensions:/Network/Library/Java/Extensions:/System/Library/Java/Extensions:/usr/lib/java:."/>
    <property name="java.vm.info" value="mixed mode, sharing"/>
    <property name="java.vendor" value="Oracle Corporation"/>
    <property name="java.vm.version" value="13+33"/>
    <property name="sun.io.unicode.encoding" value="UnicodeBig"/>
    <property name="socksNonProxyHosts" value="127.0.0.1|localhost|*.localhost"/>
    <property name="java.class.version" value="57.0"/>
    <property name="http.proxyPort" value="1087"/>
  </properties>
  <testcase name="runTest[0]" classname="flightapp.FlightServiceTest" time="22.421">
    <system-out><![CDATA[running setup
running test scenario: /Users/dongqingyuan/Desktop/CSE344/HW/HW5/hw5/cases/mycases/transaction_book_cancel.txt
passed
]]></system-out>
  </testcase>
</testsuite>